Assertion failed at f:\3d-engine\eerste-engine\eersteengine\eersteenginedev\src\main.cpp:20 inside WinMain
Error: merde
Condition: 0
############################################: 
Assertion failed at f:\3d-engine\eerste-engine\eersteengine\eersteenginedev\src\main.cpp:20 inside WinMain
Error: merde
Condition: 0
############################################: 
Assertion failed at f:\3d-engine\eerste-engine\eersteengine\eersteenginedev\src\main.cpp:20 inside WinMain
Date: Feb  7 2018
Time: 18:50:16
Error: merde
Condition: 0
############################################: 
Assertion failed at f:\3d-engine\eerste-engine\eersteengine\eersteenginedev\src\main.cpp:20 inside WinMain
Date: Feb  7 2018
Time: 18:50:16
Error: merde
Condition: 0
############################################: 
Assertion failed at f:\3d-engine\eerste-engine\eersteengine\eersteengineutility\utility\module.h:26 inside ee::Module<class ee::CoreApplication>::StartUp
Date: Feb  7 2018
Time: 22:51:17
Error: Trying to start an already started module.
Condition: 0
############################################: 
Assertion failed at f:\3d-engine\eerste-engine\eersteengine\eersteengineutility\utility\module.h:26 inside ee::Module<class ee::CoreApplication>::StartUp
Date: Feb  7 2018
Time: 22:51:17
Error: Trying to start an already started module.
Condition: 0
############################################: 
