  Timer.cpp
  Time.cpp
f:\3d-engine\eerste-engine\eersteengine\eersteengineutility\utility\time.h(33): warning C4251: 'ee::Time::_currentFrame': struct 'std::atomic<unsigned long>' needs to have dll-interface to be used by clients of class 'ee::Time'
  f:\softwares\microsoft visual studio\2017\enterprise\vc\tools\msvc\14.12.25827\include\xxatomic(163): note: see declaration of 'std::atomic<unsigned long>'
f:\3d-engine\eerste-engine\eersteengine\eersteengineutility\utility\time.h(35): warning C4251: 'ee::Time::_timer': class 'std::shared_ptr<ee::Timer>' needs to have dll-interface to be used by clients of class 'ee::Time'
  f:\softwares\microsoft visual studio\2017\enterprise\vc\tools\msvc\14.12.25827\include\memory(1316): note: see declaration of 'std::shared_ptr<ee::Timer>'
  DynamicLibManager.cpp
f:\3d-engine\eerste-engine\eersteengine\eersteengineutility\utility\dynamiclib.h(43): warning C4251: 'ee::DynamicLib::_name': class 'std::basic_string<char,std::char_traits<char>,std::allocator<char>>' needs to have dll-interface to be used by clients of class 'ee::DynamicLib'
  f:\softwares\microsoft visual studio\2017\enterprise\vc\tools\msvc\14.12.25827\include\xstring(4054): note: see declaration of 'std::basic_string<char,std::char_traits<char>,std::allocator<char>>'
f:\3d-engine\eerste-engine\eersteengine\eersteengineutility\utility\dynamiclibmanager.h(19): warning C4251: 'ee::DynamicLibManager::_loadedLibraries': class 'std::map<ee::String,std::shared_ptr<ee::DynamicLib>,std::less<_Kty>,std::allocator<std::pair<const _Kty,_Ty>>>' needs to have dll-interface to be used by clients of class 'ee::DynamicLibManager'
          with
          [
              _Kty=ee::String,
              _Ty=std::shared_ptr<ee::DynamicLib>
          ]
  f:\softwares\microsoft visual studio\2017\enterprise\vc\tools\msvc\14.12.25827\include\map(76): note: see declaration of 'std::map<ee::String,std::shared_ptr<ee::DynamicLib>,std::less<_Kty>,std::allocator<std::pair<const _Kty,_Ty>>>'
          with
          [
              _Kty=ee::String,
              _Ty=std::shared_ptr<ee::DynamicLib>
          ]
  DynamicLib.cpp
f:\3d-engine\eerste-engine\eersteengine\eersteengineutility\utility\dynamiclib.h(43): warning C4251: 'ee::DynamicLib::_name': class 'std::basic_string<char,std::char_traits<char>,std::allocator<char>>' needs to have dll-interface to be used by clients of class 'ee::DynamicLib'
  f:\softwares\microsoft visual studio\2017\enterprise\vc\tools\msvc\14.12.25827\include\xstring(4054): note: see declaration of 'std::basic_string<char,std::char_traits<char>,std::allocator<char>>'
  Vector4.cpp
  Vector3.cpp
  Vector2I.cpp
  Vector2.cpp
  Sphere.cpp
  Rect2I.cpp
  Rect2.cpp
  Ray.cpp
  Radian.cpp
  Quaternion.cpp
  Plane.cpp
  Matrix4.cpp
  Matrix3.cpp
  Math.cpp
  Degree.cpp
  Bounds.cpp
  Generating Code...
  Compiling...
  AABOX.cpp
  Generating Code...
     Creating library ..\bin\EersteEngineUtility\EersteEngineUtilityd.lib and object ..\bin\EersteEngineUtility\EersteEngineUtilityd.exp
  EersteEngineUtility.vcxproj -> F:\3D-engine\Eerste-Engine\EersteEngine\EersteEngineUtility\..\bin\EersteEngineUtility\EersteEngineUtilityd.dll
