f:\3d-engine\eerste-engine\eersteengine\eersteengineutility\debug\vc141.pdb
f:\3d-engine\eerste-engine\eersteengine\eersteengineutility\debug\vc141.idb
f:\3d-engine\eerste-engine\eersteengine\eersteengineutility\debug\aabox.obj
f:\3d-engine\eerste-engine\eersteengine\eersteengineutility\debug\degree.obj
f:\3d-engine\eerste-engine\eersteengine\eersteengineutility\debug\math.obj
f:\3d-engine\eerste-engine\eersteengine\eersteengineutility\debug\matrix3.obj
f:\3d-engine\eerste-engine\eersteengine\eersteengineutility\debug\matrix4.obj
f:\3d-engine\eerste-engine\eersteengine\eersteengineutility\debug\plane.obj
f:\3d-engine\eerste-engine\eersteengine\eersteengineutility\debug\quaternion.obj
f:\3d-engine\eerste-engine\eersteengine\eersteengineutility\debug\radian.obj
f:\3d-engine\eerste-engine\eersteengine\eersteengineutility\debug\ray.obj
f:\3d-engine\eerste-engine\eersteengine\eersteengineutility\debug\sphere.obj
f:\3d-engine\eerste-engine\eersteengine\eersteengineutility\debug\vector2.obj
f:\3d-engine\eerste-engine\eersteengine\eersteengineutility\debug\vector2i.obj
f:\3d-engine\eerste-engine\eersteengine\eersteengineutility\debug\vector3.obj
f:\3d-engine\eerste-engine\eersteengine\eersteengineutility\debug\vector4.obj
f:\3d-engine\eerste-engine\eersteengine\eersteengineutility\debug\dynamiclib.obj
f:\3d-engine\eerste-engine\eersteengine\eersteengineutility\debug\dynamiclibmanager.obj
f:\3d-engine\eerste-engine\eersteengine\eersteengineutility\debug\time.obj
f:\3d-engine\eerste-engine\eersteengine\eersteengineutility\debug\timer.obj
f:\3d-engine\eerste-engine\eersteengine\eersteengineutility\debug\rect2.obj
f:\3d-engine\eerste-engine\eersteengine\eersteengineutility\debug\rect2i.obj
f:\3d-engine\eerste-engine\eersteengine\eersteengineutility\debug\bounds.obj
f:\3d-engine\eerste-engine\eersteengine\bin\eersteengineutility\eersteengineutilityd.lib
f:\3d-engine\eerste-engine\eersteengine\bin\eersteengineutility\eersteengineutilityd.exp
f:\3d-engine\eerste-engine\eersteengine\bin\eersteengineutility\eersteengineutilityd.dll
f:\3d-engine\eerste-engine\eersteengine\bin\eersteengineutility\eersteengineutilityd.ilk
f:\3d-engine\eerste-engine\eersteengine\bin\eersteengineutility\eersteengineutilityd.pdb
f:\3d-engine\eerste-engine\eersteengine\eersteengineutility\..\bin\eersteengineutility\eersteengineutilityd.dll
f:\3d-engine\eerste-engine\eersteengine\eersteengineutility\debug\eersteen.9d51164e.tlog\cl.command.1.tlog
f:\3d-engine\eerste-engine\eersteengine\eersteengineutility\debug\eersteen.9d51164e.tlog\cl.read.1.tlog
f:\3d-engine\eerste-engine\eersteengine\eersteengineutility\debug\eersteen.9d51164e.tlog\cl.write.1.tlog
f:\3d-engine\eerste-engine\eersteengine\eersteengineutility\debug\eersteen.9d51164e.tlog\eersteengineutility.write.1u.tlog
f:\3d-engine\eerste-engine\eersteengine\eersteengineutility\debug\eersteen.9d51164e.tlog\link.13276.delete.1.tlog
f:\3d-engine\eerste-engine\eersteengine\eersteengineutility\debug\eersteen.9d51164e.tlog\link.17872.delete.1.tlog
f:\3d-engine\eerste-engine\eersteengine\eersteengineutility\debug\eersteen.9d51164e.tlog\link.command.1.tlog
f:\3d-engine\eerste-engine\eersteengine\eersteengineutility\debug\eersteen.9d51164e.tlog\link.read.1.tlog
f:\3d-engine\eerste-engine\eersteengine\eersteengineutility\debug\eersteen.9d51164e.tlog\link.write.1.tlog
